Started by user unknown or anonymous
[Fri Apr 12 21:40:56 UTC 2019] Starting branch indexing...
 > git --version # timeout=10
using GIT_ASKPASS to set credentials 
 > git ls-remote --symref https://github.com/xing/test_qa_integration_kununu-MaksymD.git # timeout=10
 > git rev-parse --is-inside-work-tree # timeout=10
Setting origin to https://github.com/xing/test_qa_integration_kununu-MaksymD.git
 > git config remote.origin.url https://github.com/xing/test_qa_integration_kununu-MaksymD.git # timeout=10
Fetching & pruning origin...
Fetching upstream changes from origin
 > git --version # timeout=10
 > git config --get remote.origin.url # timeout=10
using GIT_ASKPASS to set credentials 
 > git fetch --tags --progress origin +refs/heads/*:refs/remotes/origin/* --prune
Listing remote references...
 > git config --get remote.origin.url # timeout=10
using GIT_ASKPASS to set credentials 
 > git ls-remote -h https://github.com/xing/test_qa_integration_kununu-MaksymD.git # timeout=10
Checking branches...
  Checking branch j_pipeline
      ‘sample-application/Jenkinsfile’ found
    Met criteria
Scheduled build for branch: j_pipeline
  Checking branch master
      ‘sample-application/Jenkinsfile’ not found
    Does not meet criteria
Processed 2 branches
[Fri Apr 12 21:41:01 UTC 2019] Finished branch indexing. Indexing took 4.7 sec
Finished: SUCCESS
